<?xml version="1.0" encoding="UTF-8"?>
<testsuite name="services.validation.input.rules.CheckUrlFormatRuleTest" tests="1" skipped="0" failures="0" errors="0" timestamp="2019-10-25T10:59:29" hostname="DESKTOP-S4CGSOE" time="0.016">
  <properties/>
  <testcase name="validate" classname="services.validation.input.rules.CheckUrlFormatRuleTest" time="0.016"/>
  <system-out><![CDATA[]]></system-out>
  <system-err><![CDATA[]]></system-err>
</testsuite>
