<?xml version="1.0" encoding="UTF-8"?>
<testsuite name="services.parsing.input.ConcreteDataModelParserTest" tests="2" skipped="0" failures="0" errors="0" timestamp="2019-10-25T11:29:35" hostname="DESKTOP-S4CGSOE" time="0.092">
  <properties/>
  <testcase name="parseCorrect" classname="services.parsing.input.ConcreteDataModelParserTest" time="0.089"/>
  <testcase name="parseIncorrect" classname="services.parsing.input.ConcreteDataModelParserTest" time="0.002"/>
  <system-out><![CDATA[2019-10-25 13:29:35 INFO   Configuration:44 - Configuration initialized successful
failed to parse
failed to parse
failed to parse
failed to parse
]]></system-out>
  <system-err><![CDATA[]]></system-err>
</testsuite>
